25-Aug-2020 14:10:20.401 INFO [main] org.apache.catalina.startup.VersionLoggerListener.log Server version name:   Apache Tomcat/8.5.57
25-Aug-2020 14:10:20.404 INFO [main] org.apache.catalina.startup.VersionLoggerListener.log Server built:          Jun 30 2020 21:49:10 UTC
25-Aug-2020 14:10:20.404 INFO [main] org.apache.catalina.startup.VersionLoggerListener.log Server version number: 8.5.57.0
25-Aug-2020 14:10:20.404 INFO [main] org.apache.catalina.startup.VersionLoggerListener.log OS Name:               Linux
25-Aug-2020 14:10:20.404 INFO [main] org.apache.catalina.startup.VersionLoggerListener.log OS Version:            3.10.0-1127.18.2.el7.x86_64
25-Aug-2020 14:10:20.405 INFO [main] org.apache.catalina.startup.VersionLoggerListener.log Architecture:          amd64
25-Aug-2020 14:10:20.405 INFO [main] org.apache.catalina.startup.VersionLoggerListener.log Java Home:             /usr/lib/jvm/java-1.8.0-openjdk-1.8.0.262.b10-0.el7_8.x86_64/jre
25-Aug-2020 14:10:20.405 INFO [main] org.apache.catalina.startup.VersionLoggerListener.log JVM Version:           1.8.0_262-b10
25-Aug-2020 14:10:20.405 INFO [main] org.apache.catalina.startup.VersionLoggerListener.log JVM Vendor:            Oracle Corporation
25-Aug-2020 14:10:20.405 INFO [main] org.apache.catalina.startup.VersionLoggerListener.log CATALINA_BASE:         /opt/cpanel/ea-tomcat85
25-Aug-2020 14:10:20.406 INFO [main] org.apache.catalina.startup.VersionLoggerListener.log CATALINA_HOME:         /opt/cpanel/ea-tomcat85
25-Aug-2020 14:10:20.406 INFO [main] org.apache.catalina.startup.VersionLoggerListener.log Command line argument: -Djava.util.logging.config.file=/opt/cpanel/ea-tomcat85/conf/logging.properties
25-Aug-2020 14:10:20.406 INFO [main] org.apache.catalina.startup.VersionLoggerListener.log Command line argument: -Djava.util.logging.manager=org.apache.juli.ClassLoaderLogManager
25-Aug-2020 14:10:20.406 INFO [main] org.apache.catalina.startup.VersionLoggerListener.log Command line argument: -Djdk.tls.ephemeralDHKeySize=2048
25-Aug-2020 14:10:20.406 INFO [main] org.apache.catalina.startup.VersionLoggerListener.log Command line argument: -Djava.protocol.handler.pkgs=org.apache.catalina.webresources
25-Aug-2020 14:10:20.407 INFO [main] org.apache.catalina.startup.VersionLoggerListener.log Command line argument: -Dorg.apache.catalina.security.SecurityListener.UMASK=0027
25-Aug-2020 14:10:20.407 INFO [main] org.apache.catalina.startup.VersionLoggerListener.log Command line argument: -Dfile.encoding=UTF-8
25-Aug-2020 14:10:20.407 INFO [main] org.apache.catalina.startup.VersionLoggerListener.log Command line argument: -Xms128m
25-Aug-2020 14:10:20.407 INFO [main] org.apache.catalina.startup.VersionLoggerListener.log Command line argument: -Xmx6248m
25-Aug-2020 14:10:20.407 INFO [main] org.apache.catalina.startup.VersionLoggerListener.log Command line argument: -Dignore.endorsed.dirs=
25-Aug-2020 14:10:20.407 INFO [main] org.apache.catalina.startup.VersionLoggerListener.log Command line argument: -Dcatalina.base=/opt/cpanel/ea-tomcat85
25-Aug-2020 14:10:20.407 INFO [main] org.apache.catalina.startup.VersionLoggerListener.log Command line argument: -Dcatalina.home=/opt/cpanel/ea-tomcat85
25-Aug-2020 14:10:20.408 INFO [main] org.apache.catalina.startup.VersionLoggerListener.log Command line argument: -Djava.io.tmpdir=/opt/cpanel/ea-tomcat85/temp
25-Aug-2020 14:10:20.408 INFO [main] org.apache.catalina.core.AprLifecycleListener.lifecycleEvent The Apache Tomcat Native library which allows using OpenSSL was not found on the java.library.path: [/usr/java/packages/lib/amd64:/usr/lib64:/lib64:/lib:/usr/lib]
25-Aug-2020 14:10:20.630 INFO [main] org.apache.coyote.AbstractProtocol.init Initializing ProtocolHandler ["http-nio-8080"]
25-Aug-2020 14:10:20.681 SEVERE [main] org.apache.catalina.core.StandardService.initInternal Failed to initialize connector [Connector[HTTP/1.1-8080]]
	org.apache.catalina.LifecycleException: Protocol handler initialization failed
		at org.apache.catalina.connector.Connector.initInternal(Connector.java:1077)
		at org.apache.catalina.util.LifecycleBase.init(LifecycleBase.java:136)
		at org.apache.catalina.core.StandardService.initInternal(StandardService.java:552)
		at org.apache.catalina.util.LifecycleBase.init(LifecycleBase.java:136)
		at org.apache.catalina.core.StandardServer.initInternal(StandardServer.java:848)
		at org.apache.catalina.util.LifecycleBase.init(LifecycleBase.java:136)
		at org.apache.catalina.startup.Catalina.load(Catalina.java:639)
		at org.apache.catalina.startup.Catalina.load(Catalina.java:662)
		at sun.reflect.NativeMethodAccessorImpl.invoke0(Native Method)
		at sun.reflect.NativeMethodAccessorImpl.invoke(NativeMethodAccessorImpl.java:62)
		at sun.reflect.DelegatingMethodAccessorImpl.invoke(DelegatingMethodAccessorImpl.java:43)
		at java.lang.reflect.Method.invoke(Method.java:498)
		at org.apache.catalina.startup.Bootstrap.load(Bootstrap.java:302)
		at org.apache.catalina.startup.Bootstrap.main(Bootstrap.java:472)
	Caused by: java.net.BindException: Address already in use
		at sun.nio.ch.Net.bind0(Native Method)
		at sun.nio.ch.Net.bind(Net.java:433)
		at sun.nio.ch.Net.bind(Net.java:425)
		at sun.nio.ch.ServerSocketChannelImpl.bind(ServerSocketChannelImpl.java:220)
		at sun.nio.ch.ServerSocketAdaptor.bind(ServerSocketAdaptor.java:85)
		at org.apache.tomcat.util.net.NioEndpoint.bind(NioEndpoint.java:221)
		at org.apache.tomcat.util.net.AbstractEndpoint.init(AbstractEndpoint.java:1118)
		at org.apache.tomcat.util.net.AbstractJsseEndpoint.init(AbstractJsseEndpoint.java:222)
		at org.apache.coyote.AbstractProtocol.init(AbstractProtocol.java:587)
		at org.apache.coyote.http11.AbstractHttp11Protocol.init(AbstractHttp11Protocol.java:74)
		at org.apache.catalina.connector.Connector.initInternal(Connector.java:1075)
		... 13 more
25-Aug-2020 14:10:20.683 INFO [main] org.apache.catalina.startup.Catalina.load Initialization processed in 1107 ms
25-Aug-2020 14:10:20.775 INFO [main] org.apache.catalina.core.StandardService.startInternal Starting service [Catalina]
25-Aug-2020 14:10:20.775 INFO [main] org.apache.catalina.core.StandardEngine.startInternal Starting Servlet Engine: Apache Tomcat/8.5.57
25-Aug-2020 14:10:20.875 INFO [localhost-startStop-1] org.apache.catalina.startup.HostConfig.deployWAR Deploying web application archive [/opt/cpanel/ea-tomcat85/webapps/Dcoin.war]
25-Aug-2020 14:10:31.127 INFO [localhost-startStop-1] org.apache.jasper.servlet.TldScanner.scanJars At least one JAR was scanned for TLDs yet contained no TLDs. Enable debug logging for this logger for a complete list of JARs that were scanned but no TLDs were found in them. Skipping unneeded JARs during scanning can improve startup time and JSP compilation time.

  .   ____          _            __ _ _
 /\\ / ___'_ __ _ _(_)_ __  __ _ \ \ \ \
( ( )\___ | '_ | '_| | '_ \/ _` | \ \ \ \
 \\/  ___)| |_)| | | | | || (_| |  ) ) ) )
  '  |____| .__|_| |_|_| |_\__, | / / / /
 =========|_|==============|___/=/_/_/_/
 :: Spring Boot ::        (v1.4.1.RELEASE)

2020-08-25 14:10:33.889  INFO 20878 --- [ost-startStop-1] com.dcoin.Application                    : Starting Application v0.0.1-SNAPSHOT on front.daythree.net with PID 20878 (/opt/cpanel/ea-tomcat85/webapps/Dcoin/WEB-INF/classes started by root in /root)
2020-08-25 14:10:33.895  INFO 20878 --- [ost-startStop-1] com.dcoin.Application                    : No active profile set, falling back to default profiles: default
2020-08-25 14:10:33.991  INFO 20878 --- [ost-startStop-1] ationConfigEmbeddedWebApplicationContext : Refreshing org.springframework.boot.context.embedded.AnnotationConfigEmbeddedWebApplicationContext@7034dedd: startup date [Tue Aug 25 14:10:33 MYT 2020]; root of context hierarchy
2020-08-25 14:10:37.910  INFO 20878 --- [ost-startStop-1] o.s.b.f.s.DefaultListableBeanFactory     : Overriding bean definition for bean 'ignoredPathsWebSecurityConfigurerAdapter' with a different definition: replacing [Root bean: class [null]; scope=; abstract=false; lazyInit=false; autowireMode=3; dependencyCheck=0; autowireCandidate=true; primary=false; factoryBeanName=org.springframework.boot.autoconfigure.security.SpringBootWebSecurityConfiguration; factoryMethodName=ignoredPathsWebSecurityConfigurerAdapter; initMethodName=null; destroyMethodName=(inferred); defined in class path resource [org/springframework/boot/autoconfigure/security/SpringBootWebSecurityConfiguration.class]] with [Root bean: class [null]; scope=; abstract=false; lazyInit=false; autowireMode=3; dependencyCheck=0; autowireCandidate=true; primary=false; factoryBeanName=org.springframework.boot.actuate.autoconfigure.ManagementWebSecurityAutoConfiguration; factoryMethodName=ignoredPathsWebSecurityConfigurerAdapter; initMethodName=null; destroyMethodName=(inferred); defined in class path resource [org/springframework/boot/actuate/autoconfigure/ManagementWebSecurityAutoConfiguration.class]]
2020-08-25 14:10:39.001  INFO 20878 --- [ost-startStop-1] o.s.web.context.ContextLoader            : Root WebApplicationContext: initialization completed in 5023 ms
2020-08-25 14:10:40.748  INFO 20878 --- [ost-startStop-1] o.s.b.w.servlet.FilterRegistrationBean   : Mapping filter: 'errorPageFilter' to: [/*]
2020-08-25 14:10:40.749  INFO 20878 --- [ost-startStop-1] o.s.b.w.servlet.FilterRegistrationBean   : Mapping filter: 'metricsFilter' to: [/*]
2020-08-25 14:10:40.749  INFO 20878 --- [ost-startStop-1] o.s.b.w.servlet.FilterRegistrationBean   : Mapping filter: 'characterEncodingFilter' to: [/*]
2020-08-25 14:10:40.749  INFO 20878 --- [ost-startStop-1] o.s.b.w.servlet.FilterRegistrationBean   : Mapping filter: 'hiddenHttpMethodFilter' to: [/*]
2020-08-25 14:10:40.749  INFO 20878 --- [ost-startStop-1] o.s.b.w.servlet.FilterRegistrationBean   : Mapping filter: 'httpPutFormContentFilter' to: [/*]
2020-08-25 14:10:40.750  INFO 20878 --- [ost-startStop-1] o.s.b.w.servlet.FilterRegistrationBean   : Mapping filter: 'requestContextFilter' to: [/*]
2020-08-25 14:10:40.752  INFO 20878 --- [ost-startStop-1] .s.DelegatingFilterProxyRegistrationBean : Mapping filter: 'springSecurityFilterChain' to: [/*]
2020-08-25 14:10:40.752  INFO 20878 --- [ost-startStop-1] o.s.b.w.servlet.FilterRegistrationBean   : Mapping filter: 'webRequestLoggingFilter' to: [/*]
2020-08-25 14:10:40.752  INFO 20878 --- [ost-startStop-1] o.s.b.w.servlet.FilterRegistrationBean   : Mapping filter: 'applicationContextIdFilter' to: [/*]
2020-08-25 14:10:40.752  INFO 20878 --- [ost-startStop-1] o.s.b.w.servlet.ServletRegistrationBean  : Mapping servlet: 'dispatcherServlet' to [/]
2020-08-25 14:10:41.763  INFO 20878 --- [ost-startStop-1] s.w.s.m.m.a.RequestMappingHandlerAdapter : Looking for @ControllerAdvice: org.springframework.boot.context.embedded.AnnotationConfigEmbeddedWebApplicationContext@7034dedd: startup date [Tue Aug 25 14:10:33 MYT 2020]; root of context hierarchy
2020-08-25 14:10:41.958  INFO 20878 --- [ost-startStop-1] s.w.s.m.m.a.RequestMappingHandlerMapping : Mapped "{[/digitalsignature/hello],methods=[GET]}" onto public java.lang.String com.dcoin.controller.DcoinActivityController.sayHelloAgain(org.springframework.ui.Model)
2020-08-25 14:10:41.970  INFO 20878 --- [ost-startStop-1] s.w.s.m.m.a.RequestMappingHandlerMapping : Mapped "{[/digitalsignature/getlevellenbyindex],methods=[POST],produces=[application/json]}" onto public synchronized org.springframework.http.ResponseEntity<java.lang.String> com.dcoin.controller.DcoinActivityController.getApprovalLevelLengthByIndex(com.dcoin.dto.UserRegisterDTO) throws java.lang.Exception
2020-08-25 14:10:41.971  INFO 20878 --- [ost-startStop-1] s.w.s.m.m.a.RequestMappingHandlerMapping : Mapped "{[/digitalsignature/transferether],methods=[POST],produces=[application/json]}" onto public synchronized org.springframework.http.ResponseEntity<java.lang.String> com.dcoin.controller.DcoinActivityController.transferEtherToWallet(com.dcoin.dto.UserRegisterDTO) throws java.lang.Exception
2020-08-25 14:10:41.972  INFO 20878 --- [ost-startStop-1] s.w.s.m.m.a.RequestMappingHandlerMapping : Mapped "{[/digitalsignature/checkdochash],methods=[POST],produces=[application/json]}" onto public synchronized org.springframework.http.ResponseEntity<java.lang.String> com.dcoin.controller.DcoinActivityController.checkDocHash(com.dcoin.dto.UserRegisterDTO) throws java.lang.Exception
2020-08-25 14:10:41.972  INFO 20878 --- [ost-startStop-1] s.w.s.m.m.a.RequestMappingHandlerMapping : Mapped "{[/digitalsignature/createwallet],methods=[POST],produces=[application/json]}" onto public synchronized org.springframework.http.ResponseEntity<java.lang.String> com.dcoin.controller.DcoinActivityController.createWallet(com.dcoin.dto.UserRegisterDTO) throws java.lang.Exception
2020-08-25 14:10:41.973  INFO 20878 --- [ost-startStop-1] s.w.s.m.m.a.RequestMappingHandlerMapping : Mapped "{[/digitalsignature/etherbalance],methods=[POST],produces=[application/json]}" onto public synchronized org.springframework.http.ResponseEntity<java.lang.String> com.dcoin.controller.DcoinActivityController.etherBalance(com.dcoin.dto.UserRegisterDTO) throws java.lang.Exception
2020-08-25 14:10:41.974  INFO 20878 --- [ost-startStop-1] s.w.s.m.m.a.RequestMappingHandlerMapping : Mapped "{[/digitalsignature/savedocumentinfo],methods=[POST],produces=[application/json]}" onto public synchronized org.springframework.http.ResponseEntity<java.lang.String> com.dcoin.controller.DcoinActivityController.saveDocumentInformation(com.dcoin.dto.UserRegisterDTO) throws java.lang.Exception
2020-08-25 14:10:41.975  INFO 20878 --- [ost-startStop-1] s.w.s.m.m.a.RequestMappingHandlerMapping : Mapped "{[/digitalsignature/saveapproval],methods=[POST],produces=[application/json]}" onto public synchronized org.springframework.http.ResponseEntity<java.lang.String> com.dcoin.controller.DcoinActivityController.saveApprovalByIndex(com.dcoin.dto.UserRegisterDTO) throws java.lang.Exception
2020-08-25 14:10:41.975  INFO 20878 --- [ost-startStop-1] s.w.s.m.m.a.RequestMappingHandlerMapping : Mapped "{[/digitalsignature/getapprovallevelbyindex],methods=[POST],produces=[application/json]}" onto public synchronized org.springframework.http.ResponseEntity<java.lang.String> com.dcoin.controller.DcoinActivityController.getApprovalLevelByIndex(com.dcoin.dto.UserRegisterDTO) throws java.lang.Exception
2020-08-25 14:10:41.992  INFO 20878 --- [ost-startStop-1] s.w.s.m.m.a.RequestMappingHandlerMapping : Mapped "{[/digitalsignature/getdocreqcount],methods=[POST],produces=[application/json]}" onto public synchronized org.springframework.http.ResponseEntity<java.lang.String> com.dcoin.controller.DcoinActivityController.getDocReqCount(com.dcoin.dto.UserRegisterDTO) throws java.lang.Exception
2020-08-25 14:10:41.993  INFO 20878 --- [ost-startStop-1] s.w.s.m.m.a.RequestMappingHandlerMapping : Mapped "{[/digitalsignature/error]}" onto public java.lang.String com.dcoin.controller.DcoinActivityController.error()
2020-08-25 14:10:42.110  INFO 20878 --- [ost-startStop-1] o.s.w.s.handler.SimpleUrlHandlerMapping  : Mapped URL path [/webjars/**] onto handler of type [class org.springframework.web.servlet.resource.ResourceHttpRequestHandler]
2020-08-25 14:10:42.110  INFO 20878 --- [ost-startStop-1] o.s.w.s.handler.SimpleUrlHandlerMapping  : Mapped URL path [/**] onto handler of type [class org.springframework.web.servlet.resource.ResourceHttpRequestHandler]
2020-08-25 14:10:42.266  INFO 20878 --- [ost-startStop-1] o.s.w.s.handler.SimpleUrlHandlerMapping  : Mapped URL path [/**/favicon.ico] onto handler of type [class org.springframework.web.servlet.resource.ResourceHttpRequestHandler]
2020-08-25 14:10:43.644  INFO 20878 --- [ost-startStop-1] b.a.s.AuthenticationManagerConfiguration : 

Using default security password: b4979fe9-b3a9-4f88-b1f3-4d20759ab1ef

2020-08-25 14:10:43.917  INFO 20878 --- [ost-startStop-1] o.s.s.web.DefaultSecurityFilterChain     : Creating filter chain: OrRequestMatcher [requestMatchers=[Ant [pattern='/css/**'], Ant [pattern='/js/**'], Ant [pattern='/images/**'], Ant [pattern='/webjars/**'], Ant [pattern='/**/favicon.ico'], Ant [pattern='/error'], org.springframework.boot.actuate.autoconfigure.ManagementWebSecurityAutoConfiguration$LazyEndpointPathRequestMatcher@1d752c71]], []
2020-08-25 14:10:44.073  INFO 20878 --- [ost-startStop-1] o.s.s.web.DefaultSecurityFilterChain     : Creating filter chain: org.springframework.boot.autoconfigure.security.SpringBootWebSecurityConfiguration$ApplicationNoWebSecurityConfigurerAdapter$1@185589d0, [org.springframework.security.web.context.request.async.WebAsyncManagerIntegrationFilter@1d987702, org.springframework.security.web.context.SecurityContextPersistenceFilter@373bd70e, org.springframework.security.web.header.HeaderWriterFilter@3494ed8, org.springframework.security.web.csrf.CsrfFilter@57c62325, org.springframework.security.web.authentication.logout.LogoutFilter@72cb2b0, org.springframework.security.web.savedrequest.RequestCacheAwareFilter@780b777a, org.springframework.security.web.servletapi.SecurityContextHolderAwareRequestFilter@406291cf, org.springframework.security.web.authentication.AnonymousAuthenticationFilter@7f43ff33, org.springframework.security.web.session.SessionManagementFilter@1e5bdb72, org.springframework.security.web.access.ExceptionTranslationFilter@3e9093de]
2020-08-25 14:10:45.252  INFO 20878 --- [ost-startStop-1] o.s.b.a.e.mvc.EndpointHandlerMapping     : Mapped "{[/info || /info.json],methods=[GET],produces=[application/json]}" onto public java.lang.Object org.springframework.boot.actuate.endpoint.mvc.EndpointMvcAdapter.invoke()
2020-08-25 14:10:45.259  INFO 20878 --- [ost-startStop-1] o.s.b.a.e.mvc.EndpointHandlerMapping     : Mapped "{[/env/{name:.*}],methods=[GET],produces=[application/json]}" onto public java.lang.Object org.springframework.boot.actuate.endpoint.mvc.EnvironmentMvcEndpoint.value(java.lang.String)
2020-08-25 14:10:45.259  INFO 20878 --- [ost-startStop-1] o.s.b.a.e.mvc.EndpointHandlerMapping     : Mapped "{[/env || /env.json],methods=[GET],produces=[application/json]}" onto public java.lang.Object org.springframework.boot.actuate.endpoint.mvc.EndpointMvcAdapter.invoke()
2020-08-25 14:10:45.260  INFO 20878 --- [ost-startStop-1] o.s.b.a.e.mvc.EndpointHandlerMapping     : Mapped "{[/heapdump || /heapdump.json],methods=[GET],produces=[application/octet-stream]}" onto public void org.springframework.boot.actuate.endpoint.mvc.HeapdumpMvcEndpoint.invoke(boolean,javax.servlet.http.HttpServletRequest,javax.servlet.http.HttpServletResponse) throws java.io.IOException,javax.servlet.ServletException
2020-08-25 14:10:45.261  INFO 20878 --- [ost-startStop-1] o.s.b.a.e.mvc.EndpointHandlerMapping     : Mapped "{[/health || /health.json],produces=[application/json]}" onto public java.lang.Object org.springframework.boot.actuate.endpoint.mvc.HealthMvcEndpoint.invoke(java.security.Principal)
2020-08-25 14:10:45.263  INFO 20878 --- [ost-startStop-1] o.s.b.a.e.mvc.EndpointHandlerMapping     : Mapped "{[/trace || /trace.json],methods=[GET],produces=[application/json]}" onto public java.lang.Object org.springframework.boot.actuate.endpoint.mvc.EndpointMvcAdapter.invoke()
2020-08-25 14:10:45.264  INFO 20878 --- [ost-startStop-1] o.s.b.a.e.mvc.EndpointHandlerMapping     : Mapped "{[/dump || /dump.json],methods=[GET],produces=[application/json]}" onto public java.lang.Object org.springframework.boot.actuate.endpoint.mvc.EndpointMvcAdapter.invoke()
2020-08-25 14:10:45.265  INFO 20878 --- [ost-startStop-1] o.s.b.a.e.mvc.EndpointHandlerMapping     : Mapped "{[/configprops || /configprops.json],methods=[GET],produces=[application/json]}" onto public java.lang.Object org.springframework.boot.actuate.endpoint.mvc.EndpointMvcAdapter.invoke()
2020-08-25 14:10:45.266  INFO 20878 --- [ost-startStop-1] o.s.b.a.e.mvc.EndpointHandlerMapping     : Mapped "{[/autoconfig || /autoconfig.json],methods=[GET],produces=[application/json]}" onto public java.lang.Object org.springframework.boot.actuate.endpoint.mvc.EndpointMvcAdapter.invoke()
2020-08-25 14:10:45.271  INFO 20878 --- [ost-startStop-1] o.s.b.a.e.mvc.EndpointHandlerMapping     : Mapped "{[/metrics/{name:.*}],methods=[GET],produces=[application/json]}" onto public java.lang.Object org.springframework.boot.actuate.endpoint.mvc.MetricsMvcEndpoint.value(java.lang.String)
2020-08-25 14:10:45.271  INFO 20878 --- [ost-startStop-1] o.s.b.a.e.mvc.EndpointHandlerMapping     : Mapped "{[/metrics || /metrics.json],methods=[GET],produces=[application/json]}" onto public java.lang.Object org.springframework.boot.actuate.endpoint.mvc.EndpointMvcAdapter.invoke()
2020-08-25 14:10:45.272  INFO 20878 --- [ost-startStop-1] o.s.b.a.e.mvc.EndpointHandlerMapping     : Mapped "{[/beans || /beans.json],methods=[GET],produces=[application/json]}" onto public java.lang.Object org.springframework.boot.actuate.endpoint.mvc.EndpointMvcAdapter.invoke()
2020-08-25 14:10:45.273  INFO 20878 --- [ost-startStop-1] o.s.b.a.e.mvc.EndpointHandlerMapping     : Mapped "{[/mappings || /mappings.json],methods=[GET],produces=[application/json]}" onto public java.lang.Object org.springframework.boot.actuate.endpoint.mvc.EndpointMvcAdapter.invoke()
2020-08-25 14:10:45.635  INFO 20878 --- [ost-startStop-1] com.dcoin.Application                    : Started Application in 13.837 seconds (JVM running for 26.391)
25-Aug-2020 14:10:45.764 INFO [localhost-startStop-1] org.apache.catalina.startup.HostConfig.deployWAR Deployment of web application archive [/opt/cpanel/ea-tomcat85/webapps/Dcoin.war] has finished in [24,886] ms
25-Aug-2020 14:10:45.766 INFO [localhost-startStop-1] org.apache.catalina.startup.HostConfig.deployDirectory Deploying web application directory [/opt/cpanel/ea-tomcat85/webapps/ROOT]
25-Aug-2020 14:10:45.785 INFO [localhost-startStop-1] org.apache.catalina.startup.HostConfig.deployDirectory Deployment of web application directory [/opt/cpanel/ea-tomcat85/webapps/ROOT] has finished in [19] ms
25-Aug-2020 14:10:45.786 INFO [localhost-startStop-1] org.apache.catalina.startup.HostConfig.deployDirectory Deploying web application directory [/opt/cpanel/ea-tomcat85/webapps/docs]
25-Aug-2020 14:10:45.810 INFO [localhost-startStop-1] org.apache.catalina.startup.HostConfig.deployDirectory Deployment of web application directory [/opt/cpanel/ea-tomcat85/webapps/docs] has finished in [23] ms
25-Aug-2020 14:10:45.810 INFO [localhost-startStop-1] org.apache.catalina.startup.HostConfig.deployDirectory Deploying web application directory [/opt/cpanel/ea-tomcat85/webapps/examples]
25-Aug-2020 14:10:46.304 INFO [localhost-startStop-1] org.apache.catalina.startup.HostConfig.deployDirectory Deployment of web application directory [/opt/cpanel/ea-tomcat85/webapps/examples] has finished in [494] ms
25-Aug-2020 14:10:46.305 INFO [localhost-startStop-1] org.apache.catalina.startup.HostConfig.deployDirectory Deploying web application directory [/opt/cpanel/ea-tomcat85/webapps/host-manager]
25-Aug-2020 14:10:46.374 INFO [localhost-startStop-1] org.apache.catalina.startup.HostConfig.deployDirectory Deployment of web application directory [/opt/cpanel/ea-tomcat85/webapps/host-manager] has finished in [69] ms
25-Aug-2020 14:10:46.375 INFO [localhost-startStop-1] org.apache.catalina.startup.HostConfig.deployDirectory Deploying web application directory [/opt/cpanel/ea-tomcat85/webapps/manager]
25-Aug-2020 14:10:46.511 INFO [localhost-startStop-1] org.apache.catalina.startup.HostConfig.deployDirectory Deployment of web application directory [/opt/cpanel/ea-tomcat85/webapps/manager] has finished in [135] ms
25-Aug-2020 14:10:46.511 INFO [localhost-startStop-1] org.apache.catalina.startup.HostConfig.deployDirectory Deploying web application directory [/opt/cpanel/ea-tomcat85/webapps/sample]
25-Aug-2020 14:10:46.599 INFO [localhost-startStop-1] org.apache.catalina.startup.HostConfig.deployDirectory Deployment of web application directory [/opt/cpanel/ea-tomcat85/webapps/sample] has finished in [87] ms
25-Aug-2020 14:10:46.678 INFO [main] org.apache.catalina.startup.Catalina.start Server startup in 25995 ms
25-Aug-2020 14:10:46.681 SEVERE [main] org.apache.catalina.core.StandardServer.await StandardServer.await: create[localhost:8005]: 
	java.net.BindException: Address already in use (Bind failed)
		at java.net.PlainSocketImpl.socketBind(Native Method)
		at java.net.AbstractPlainSocketImpl.bind(AbstractPlainSocketImpl.java:387)
		at java.net.ServerSocket.bind(ServerSocket.java:390)
		at java.net.ServerSocket.<init>(ServerSocket.java:252)
		at org.apache.catalina.core.StandardServer.await(StandardServer.java:421)
		at org.apache.catalina.startup.Catalina.await(Catalina.java:776)
		at org.apache.catalina.startup.Catalina.start(Catalina.java:722)
		at sun.reflect.NativeMethodAccessorImpl.invoke0(Native Method)
		at sun.reflect.NativeMethodAccessorImpl.invoke(NativeMethodAccessorImpl.java:62)
		at sun.reflect.DelegatingMethodAccessorImpl.invoke(DelegatingMethodAccessorImpl.java:43)
		at java.lang.reflect.Method.invoke(Method.java:498)
		at org.apache.catalina.startup.Bootstrap.start(Bootstrap.java:342)
		at org.apache.catalina.startup.Bootstrap.main(Bootstrap.java:473)
25-Aug-2020 14:10:46.681 INFO [main] org.apache.coyote.AbstractProtocol.pause Pausing ProtocolHandler ["http-nio-8080"]
25-Aug-2020 14:10:46.681 INFO [main] org.apache.catalina.core.StandardService.stopInternal Stopping service [Catalina]
2020-08-25 14:10:46.800  INFO 20878 --- [ost-startStop-1] ationConfigEmbeddedWebApplicationContext : Closing org.springframework.boot.context.embedded.AnnotationConfigEmbeddedWebApplicationContext@7034dedd: startup date [Tue Aug 25 14:10:33 MYT 2020]; root of context hierarchy
25-Aug-2020 14:10:46.963 INFO [main] org.apache.coyote.AbstractProtocol.stop Stopping ProtocolHandler ["http-nio-8080"]
25-Aug-2020 14:10:46.963 INFO [main] org.apache.coyote.AbstractProtocol.destroy Destroying ProtocolHandler ["http-nio-8080"]
25-Aug-2020 14:18:00.418 INFO [main] org.apache.catalina.startup.VersionLoggerListener.log Server version name:   Apache Tomcat/8.5.57
25-Aug-2020 14:18:00.421 INFO [main] org.apache.catalina.startup.VersionLoggerListener.log Server built:          Jun 30 2020 21:49:10 UTC
25-Aug-2020 14:18:00.421 INFO [main] org.apache.catalina.startup.VersionLoggerListener.log Server version number: 8.5.57.0
25-Aug-2020 14:18:00.421 INFO [main] org.apache.catalina.startup.VersionLoggerListener.log OS Name:               Linux
25-Aug-2020 14:18:00.422 INFO [main] org.apache.catalina.startup.VersionLoggerListener.log OS Version:            3.10.0-1127.18.2.el7.x86_64
25-Aug-2020 14:18:00.422 INFO [main] org.apache.catalina.startup.VersionLoggerListener.log Architecture:          amd64
25-Aug-2020 14:18:00.422 INFO [main] org.apache.catalina.startup.VersionLoggerListener.log Java Home:             /usr/lib/jvm/java-1.8.0-openjdk-1.8.0.262.b10-0.el7_8.x86_64/jre
25-Aug-2020 14:18:00.422 INFO [main] org.apache.catalina.startup.VersionLoggerListener.log JVM Version:           1.8.0_262-b10
25-Aug-2020 14:18:00.422 INFO [main] org.apache.catalina.startup.VersionLoggerListener.log JVM Vendor:            Oracle Corporation
25-Aug-2020 14:18:00.422 INFO [main] org.apache.catalina.startup.VersionLoggerListener.log CATALINA_BASE:         /opt/cpanel/ea-tomcat85
25-Aug-2020 14:18:00.422 INFO [main] org.apache.catalina.startup.VersionLoggerListener.log CATALINA_HOME:         /opt/cpanel/ea-tomcat85
25-Aug-2020 14:18:00.426 INFO [main] org.apache.catalina.startup.VersionLoggerListener.log Command line argument: -Djava.util.logging.config.file=/opt/cpanel/ea-tomcat85/conf/logging.properties
25-Aug-2020 14:18:00.426 INFO [main] org.apache.catalina.startup.VersionLoggerListener.log Command line argument: -Djava.util.logging.manager=org.apache.juli.ClassLoaderLogManager
25-Aug-2020 14:18:00.427 INFO [main] org.apache.catalina.startup.VersionLoggerListener.log Command line argument: -Djdk.tls.ephemeralDHKeySize=2048
25-Aug-2020 14:18:00.427 INFO [main] org.apache.catalina.startup.VersionLoggerListener.log Command line argument: -Djava.protocol.handler.pkgs=org.apache.catalina.webresources
25-Aug-2020 14:18:00.427 INFO [main] org.apache.catalina.startup.VersionLoggerListener.log Command line argument: -Dorg.apache.catalina.security.SecurityListener.UMASK=0027
25-Aug-2020 14:18:00.427 INFO [main] org.apache.catalina.startup.VersionLoggerListener.log Command line argument: -Dfile.encoding=UTF-8
25-Aug-2020 14:18:00.427 INFO [main] org.apache.catalina.startup.VersionLoggerListener.log Command line argument: -Xms128m
25-Aug-2020 14:18:00.427 INFO [main] org.apache.catalina.startup.VersionLoggerListener.log Command line argument: -Xmx6248m
25-Aug-2020 14:18:00.427 INFO [main] org.apache.catalina.startup.VersionLoggerListener.log Command line argument: -Dignore.endorsed.dirs=
25-Aug-2020 14:18:00.428 INFO [main] org.apache.catalina.startup.VersionLoggerListener.log Command line argument: -Dcatalina.base=/opt/cpanel/ea-tomcat85
25-Aug-2020 14:18:00.428 INFO [main] org.apache.catalina.startup.VersionLoggerListener.log Command line argument: -Dcatalina.home=/opt/cpanel/ea-tomcat85
25-Aug-2020 14:18:00.428 INFO [main] org.apache.catalina.startup.VersionLoggerListener.log Command line argument: -Djava.io.tmpdir=/opt/cpanel/ea-tomcat85/temp
25-Aug-2020 14:18:00.428 INFO [main] org.apache.catalina.core.AprLifecycleListener.lifecycleEvent The Apache Tomcat Native library which allows using OpenSSL was not found on the java.library.path: [/usr/java/packages/lib/amd64:/usr/lib64:/lib64:/lib:/usr/lib]
25-Aug-2020 14:18:00.571 INFO [main] org.apache.coyote.AbstractProtocol.init Initializing ProtocolHandler ["http-nio-8080"]
25-Aug-2020 14:18:00.587 SEVERE [main] org.apache.catalina.core.StandardService.initInternal Failed to initialize connector [Connector[HTTP/1.1-8080]]
	org.apache.catalina.LifecycleException: Protocol handler initialization failed
		at org.apache.catalina.connector.Connector.initInternal(Connector.java:1077)
		at org.apache.catalina.util.LifecycleBase.init(LifecycleBase.java:136)
		at org.apache.catalina.core.StandardService.initInternal(StandardService.java:552)
		at org.apache.catalina.util.LifecycleBase.init(LifecycleBase.java:136)
		at org.apache.catalina.core.StandardServer.initInternal(StandardServer.java:848)
		at org.apache.catalina.util.LifecycleBase.init(LifecycleBase.java:136)
		at org.apache.catalina.startup.Catalina.load(Catalina.java:639)
		at org.apache.catalina.startup.Catalina.load(Catalina.java:662)
		at sun.reflect.NativeMethodAccessorImpl.invoke0(Native Method)
		at sun.reflect.NativeMethodAccessorImpl.invoke(NativeMethodAccessorImpl.java:62)
		at sun.reflect.DelegatingMethodAccessorImpl.invoke(DelegatingMethodAccessorImpl.java:43)
		at java.lang.reflect.Method.invoke(Method.java:498)
		at org.apache.catalina.startup.Bootstrap.load(Bootstrap.java:302)
		at org.apache.catalina.startup.Bootstrap.main(Bootstrap.java:472)
	Caused by: java.net.BindException: Address already in use
		at sun.nio.ch.Net.bind0(Native Method)
		at sun.nio.ch.Net.bind(Net.java:433)
		at sun.nio.ch.Net.bind(Net.java:425)
		at sun.nio.ch.ServerSocketChannelImpl.bind(ServerSocketChannelImpl.java:220)
		at sun.nio.ch.ServerSocketAdaptor.bind(ServerSocketAdaptor.java:85)
		at org.apache.tomcat.util.net.NioEndpoint.bind(NioEndpoint.java:221)
		at org.apache.tomcat.util.net.AbstractEndpoint.init(AbstractEndpoint.java:1118)
		at org.apache.tomcat.util.net.AbstractJsseEndpoint.init(AbstractJsseEndpoint.java:222)
		at org.apache.coyote.AbstractProtocol.init(AbstractProtocol.java:587)
		at org.apache.coyote.http11.AbstractHttp11Protocol.init(AbstractHttp11Protocol.java:74)
		at org.apache.catalina.connector.Connector.initInternal(Connector.java:1075)
		... 13 more
25-Aug-2020 14:18:00.589 INFO [main] org.apache.catalina.startup.Catalina.load Initialization processed in 874 ms
25-Aug-2020 14:18:00.635 INFO [main] org.apache.catalina.core.StandardService.startInternal Starting service [Catalina]
25-Aug-2020 14:18:00.635 INFO [main] org.apache.catalina.core.StandardEngine.startInternal Starting Servlet Engine: Apache Tomcat/8.5.57
25-Aug-2020 14:18:00.673 INFO [localhost-startStop-1] org.apache.catalina.startup.HostConfig.deployWAR Deploying web application archive [/opt/cpanel/ea-tomcat85/webapps/Dcoin.war]
25-Aug-2020 14:18:07.385 INFO [localhost-startStop-1] org.apache.jasper.servlet.TldScanner.scanJars At least one JAR was scanned for TLDs yet contained no TLDs. Enable debug logging for this logger for a complete list of JARs that were scanned but no TLDs were found in them. Skipping unneeded JARs during scanning can improve startup time and JSP compilation time.

  .   ____          _            __ _ _
 /\\ / ___'_ __ _ _(_)_ __  __ _ \ \ \ \
( ( )\___ | '_ | '_| | '_ \/ _` | \ \ \ \
 \\/  ___)| |_)| | | | | || (_| |  ) ) ) )
  '  |____| .__|_| |_|_| |_\__, | / / / /
 =========|_|==============|___/=/_/_/_/
 :: Spring Boot ::        (v1.4.1.RELEASE)

2020-08-25 14:18:09.047  INFO 7635 --- [ost-startStop-1] com.dcoin.Application                    : Starting Application v0.0.1-SNAPSHOT on front.daythree.net with PID 7635 (/opt/cpanel/ea-tomcat85/webapps/Dcoin/WEB-INF/classes started by root in /root)
2020-08-25 14:18:09.058  INFO 7635 --- [ost-startStop-1] com.dcoin.Application                    : No active profile set, falling back to default profiles: default
2020-08-25 14:18:09.154  INFO 7635 --- [ost-startStop-1] ationConfigEmbeddedWebApplicationContext : Refreshing org.springframework.boot.context.embedded.AnnotationConfigEmbeddedWebApplicationContext@21a5ae88: startup date [Tue Aug 25 14:18:09 MYT 2020]; root of context hierarchy
2020-08-25 14:18:11.250  INFO 7635 --- [ost-startStop-1] o.s.b.f.s.DefaultListableBeanFactory     : Overriding bean definition for bean 'ignoredPathsWebSecurityConfigurerAdapter' with a different definition: replacing [Root bean: class [null]; scope=; abstract=false; lazyInit=false; autowireMode=3; dependencyCheck=0; autowireCandidate=true; primary=false; factoryBeanName=org.springframework.boot.autoconfigure.security.SpringBootWebSecurityConfiguration; factoryMethodName=ignoredPathsWebSecurityConfigurerAdapter; initMethodName=null; destroyMethodName=(inferred); defined in class path resource [org/springframework/boot/autoconfigure/security/SpringBootWebSecurityConfiguration.class]] with [Root bean: class [null]; scope=; abstract=false; lazyInit=false; autowireMode=3; dependencyCheck=0; autowireCandidate=true; primary=false; factoryBeanName=org.springframework.boot.actuate.autoconfigure.ManagementWebSecurityAutoConfiguration; factoryMethodName=ignoredPathsWebSecurityConfigurerAdapter; initMethodName=null; destroyMethodName=(inferred); defined in class path resource [org/springframework/boot/actuate/autoconfigure/ManagementWebSecurityAutoConfiguration.class]]
2020-08-25 14:18:12.321  INFO 7635 --- [ost-startStop-1] o.s.web.context.ContextLoader            : Root WebApplicationContext: initialization completed in 3167 ms
2020-08-25 14:18:13.709  INFO 7635 --- [ost-startStop-1] o.s.b.w.servlet.FilterRegistrationBean   : Mapping filter: 'errorPageFilter' to: [/*]
2020-08-25 14:18:13.710  INFO 7635 --- [ost-startStop-1] o.s.b.w.servlet.FilterRegistrationBean   : Mapping filter: 'metricsFilter' to: [/*]
2020-08-25 14:18:13.710  INFO 7635 --- [ost-startStop-1] o.s.b.w.servlet.FilterRegistrationBean   : Mapping filter: 'characterEncodingFilter' to: [/*]
2020-08-25 14:18:13.710  INFO 7635 --- [ost-startStop-1] o.s.b.w.servlet.FilterRegistrationBean   : Mapping filter: 'hiddenHttpMethodFilter' to: [/*]
2020-08-25 14:18:13.710  INFO 7635 --- [ost-startStop-1] o.s.b.w.servlet.FilterRegistrationBean   : Mapping filter: 'httpPutFormContentFilter' to: [/*]
2020-08-25 14:18:13.710  INFO 7635 --- [ost-startStop-1] o.s.b.w.servlet.FilterRegistrationBean   : Mapping filter: 'requestContextFilter' to: [/*]
2020-08-25 14:18:13.712  INFO 7635 --- [ost-startStop-1] .s.DelegatingFilterProxyRegistrationBean : Mapping filter: 'springSecurityFilterChain' to: [/*]
2020-08-25 14:18:13.713  INFO 7635 --- [ost-startStop-1] o.s.b.w.servlet.FilterRegistrationBean   : Mapping filter: 'webRequestLoggingFilter' to: [/*]
2020-08-25 14:18:13.713  INFO 7635 --- [ost-startStop-1] o.s.b.w.servlet.FilterRegistrationBean   : Mapping filter: 'applicationContextIdFilter' to: [/*]
2020-08-25 14:18:13.713  INFO 7635 --- [ost-startStop-1] o.s.b.w.servlet.ServletRegistrationBean  : Mapping servlet: 'dispatcherServlet' to [/]
2020-08-25 14:18:14.582  INFO 7635 --- [ost-startStop-1] s.w.s.m.m.a.RequestMappingHandlerAdapter : Looking for @ControllerAdvice: org.springframework.boot.context.embedded.AnnotationConfigEmbeddedWebApplicationContext@21a5ae88: startup date [Tue Aug 25 14:18:09 MYT 2020]; root of context hierarchy
2020-08-25 14:18:14.730  INFO 7635 --- [ost-startStop-1] s.w.s.m.m.a.RequestMappingHandlerMapping : Mapped "{[/digitalsignature/hello],methods=[GET]}" onto public java.lang.String com.dcoin.controller.DcoinActivityController.sayHelloAgain(org.springframework.ui.Model)
2020-08-25 14:18:14.733  INFO 7635 --- [ost-startStop-1] s.w.s.m.m.a.RequestMappingHandlerMapping : Mapped "{[/digitalsignature/saveapproval],methods=[POST],produces=[application/json]}" onto public synchronized org.springframework.http.ResponseEntity<java.lang.String> com.dcoin.controller.DcoinActivityController.saveApprovalByIndex(com.dcoin.dto.UserRegisterDTO) throws java.lang.Exception
2020-08-25 14:18:14.734  INFO 7635 --- [ost-startStop-1] s.w.s.m.m.a.RequestMappingHandlerMapping : Mapped "{[/digitalsignature/getapprovallevelbyindex],methods=[POST],produces=[application/json]}" onto public synchronized org.springframework.http.ResponseEntity<java.lang.String> com.dcoin.controller.DcoinActivityController.getApprovalLevelByIndex(com.dcoin.dto.UserRegisterDTO) throws java.lang.Exception
2020-08-25 14:18:14.735  INFO 7635 --- [ost-startStop-1] s.w.s.m.m.a.RequestMappingHandlerMapping : Mapped "{[/digitalsignature/getdocreqcount],methods=[POST],produces=[application/json]}" onto public synchronized org.springframework.http.ResponseEntity<java.lang.String> com.dcoin.controller.DcoinActivityController.getDocReqCount(com.dcoin.dto.UserRegisterDTO) throws java.lang.Exception
2020-08-25 14:18:14.736  INFO 7635 --- [ost-startStop-1] s.w.s.m.m.a.RequestMappingHandlerMapping : Mapped "{[/digitalsignature/getlevellenbyindex],methods=[POST],produces=[application/json]}" onto public synchronized org.springframework.http.ResponseEntity<java.lang.String> com.dcoin.controller.DcoinActivityController.getApprovalLevelLengthByIndex(com.dcoin.dto.UserRegisterDTO) throws java.lang.Exception
2020-08-25 14:18:14.736  INFO 7635 --- [ost-startStop-1] s.w.s.m.m.a.RequestMappingHandlerMapping : Mapped "{[/digitalsignature/transferether],methods=[POST],produces=[application/json]}" onto public synchronized org.springframework.http.ResponseEntity<java.lang.String> com.dcoin.controller.DcoinActivityController.transferEtherToWallet(com.dcoin.dto.UserRegisterDTO) throws java.lang.Exception
2020-08-25 14:18:14.737  INFO 7635 --- [ost-startStop-1] s.w.s.m.m.a.RequestMappingHandlerMapping : Mapped "{[/digitalsignature/checkdochash],methods=[POST],produces=[application/json]}" onto public synchronized org.springframework.http.ResponseEntity<java.lang.String> com.dcoin.controller.DcoinActivityController.checkDocHash(com.dcoin.dto.UserRegisterDTO) throws java.lang.Exception
2020-08-25 14:18:14.738  INFO 7635 --- [ost-startStop-1] s.w.s.m.m.a.RequestMappingHandlerMapping : Mapped "{[/digitalsignature/createwallet],methods=[POST],produces=[application/json]}" onto public synchronized org.springframework.http.ResponseEntity<java.lang.String> com.dcoin.controller.DcoinActivityController.createWallet(com.dcoin.dto.UserRegisterDTO) throws java.lang.Exception
2020-08-25 14:18:14.738  INFO 7635 --- [ost-startStop-1] s.w.s.m.m.a.RequestMappingHandlerMapping : Mapped "{[/digitalsignature/etherbalance],methods=[POST],produces=[application/json]}" onto public synchronized org.springframework.http.ResponseEntity<java.lang.String> com.dcoin.controller.DcoinActivityController.etherBalance(com.dcoin.dto.UserRegisterDTO) throws java.lang.Exception
2020-08-25 14:18:14.739  INFO 7635 --- [ost-startStop-1] s.w.s.m.m.a.RequestMappingHandlerMapping : Mapped "{[/digitalsignature/savedocumentinfo],methods=[POST],produces=[application/json]}" onto public synchronized org.springframework.http.ResponseEntity<java.lang.String> com.dcoin.controller.DcoinActivityController.saveDocumentInformation(com.dcoin.dto.UserRegisterDTO) throws java.lang.Exception
2020-08-25 14:18:14.740  INFO 7635 --- [ost-startStop-1] s.w.s.m.m.a.RequestMappingHandlerMapping : Mapped "{[/digitalsignature/error]}" onto public java.lang.String com.dcoin.controller.DcoinActivityController.error()
2020-08-25 14:18:14.816  INFO 7635 --- [ost-startStop-1] o.s.w.s.handler.SimpleUrlHandlerMapping  : Mapped URL path [/webjars/**] onto handler of type [class org.springframework.web.servlet.resource.ResourceHttpRequestHandler]
2020-08-25 14:18:14.819  INFO 7635 --- [ost-startStop-1] o.s.w.s.handler.SimpleUrlHandlerMapping  : Mapped URL path [/**] onto handler of type [class org.springframework.web.servlet.resource.ResourceHttpRequestHandler]
2020-08-25 14:18:14.919  INFO 7635 --- [ost-startStop-1] o.s.w.s.handler.SimpleUrlHandlerMapping  : Mapped URL path [/**/favicon.ico] onto handler of type [class org.springframework.web.servlet.resource.ResourceHttpRequestHandler]
2020-08-25 14:18:15.699  INFO 7635 --- [ost-startStop-1] b.a.s.AuthenticationManagerConfiguration : 

Using default security password: 2a87453e-fac4-4182-975f-0399eb244b06

2020-08-25 14:18:15.835  INFO 7635 --- [ost-startStop-1] o.s.s.web.DefaultSecurityFilterChain     : Creating filter chain: OrRequestMatcher [requestMatchers=[Ant [pattern='/css/**'], Ant [pattern='/js/**'], Ant [pattern='/images/**'], Ant [pattern='/webjars/**'], Ant [pattern='/**/favicon.ico'], Ant [pattern='/error'], org.springframework.boot.actuate.autoconfigure.ManagementWebSecurityAutoConfiguration$LazyEndpointPathRequestMatcher@46170fd6]], []
2020-08-25 14:18:16.132  INFO 7635 --- [ost-startStop-1] o.s.s.web.DefaultSecurityFilterChain     : Creating filter chain: org.springframework.boot.autoconfigure.security.SpringBootWebSecurityConfiguration$ApplicationNoWebSecurityConfigurerAdapter$1@14123a81, [org.springframework.security.web.context.request.async.WebAsyncManagerIntegrationFilter@24db1650, org.springframework.security.web.context.SecurityContextPersistenceFilter@5af6d48a, org.springframework.security.web.header.HeaderWriterFilter@7745950, org.springframework.security.web.csrf.CsrfFilter@1492a8fc, org.springframework.security.web.authentication.logout.LogoutFilter@287e528c, org.springframework.security.web.savedrequest.RequestCacheAwareFilter@269b2bee, org.springframework.security.web.servletapi.SecurityContextHolderAwareRequestFilter@7b0fe40c, org.springframework.security.web.authentication.AnonymousAuthenticationFilter@7eebda75, org.springframework.security.web.session.SessionManagementFilter@7d2e1cc0, org.springframework.security.web.access.ExceptionTranslationFilter@2d18811e]
2020-08-25 14:18:17.229  INFO 7635 --- [ost-startStop-1] o.s.b.a.e.mvc.EndpointHandlerMapping     : Mapped "{[/beans || /beans.json],methods=[GET],produces=[application/json]}" onto public java.lang.Object org.springframework.boot.actuate.endpoint.mvc.EndpointMvcAdapter.invoke()
2020-08-25 14:18:17.233  INFO 7635 --- [ost-startStop-1] o.s.b.a.e.mvc.EndpointHandlerMapping     : Mapped "{[/metrics/{name:.*}],methods=[GET],produces=[application/json]}" onto public java.lang.Object org.springframework.boot.actuate.endpoint.mvc.MetricsMvcEndpoint.value(java.lang.String)
2020-08-25 14:18:17.233  INFO 7635 --- [ost-startStop-1] o.s.b.a.e.mvc.EndpointHandlerMapping     : Mapped "{[/metrics || /metrics.json],methods=[GET],produces=[application/json]}" onto public java.lang.Object org.springframework.boot.actuate.endpoint.mvc.EndpointMvcAdapter.invoke()
2020-08-25 14:18:17.234  INFO 7635 --- [ost-startStop-1] o.s.b.a.e.mvc.EndpointHandlerMapping     : Mapped "{[/health || /health.json],produces=[application/json]}" onto public java.lang.Object org.springframework.boot.actuate.endpoint.mvc.HealthMvcEndpoint.invoke(java.security.Principal)
2020-08-25 14:18:17.235  INFO 7635 --- [ost-startStop-1] o.s.b.a.e.mvc.EndpointHandlerMapping     : Mapped "{[/heapdump || /heapdump.json],methods=[GET],produces=[application/octet-stream]}" onto public void org.springframework.boot.actuate.endpoint.mvc.HeapdumpMvcEndpoint.invoke(boolean,javax.servlet.http.HttpServletRequest,javax.servlet.http.HttpServletResponse) throws java.io.IOException,javax.servlet.ServletException
2020-08-25 14:18:17.237  INFO 7635 --- [ost-startStop-1] o.s.b.a.e.mvc.EndpointHandlerMapping     : Mapped "{[/trace || /trace.json],methods=[GET],produces=[application/json]}" onto public java.lang.Object org.springframework.boot.actuate.endpoint.mvc.EndpointMvcAdapter.invoke()
2020-08-25 14:18:17.238  INFO 7635 --- [ost-startStop-1] o.s.b.a.e.mvc.EndpointHandlerMapping     : Mapped "{[/mappings || /mappings.json],methods=[GET],produces=[application/json]}" onto public java.lang.Object org.springframework.boot.actuate.endpoint.mvc.EndpointMvcAdapter.invoke()
2020-08-25 14:18:17.239  INFO 7635 --- [ost-startStop-1] o.s.b.a.e.mvc.EndpointHandlerMapping     : Mapped "{[/configprops || /configprops.json],methods=[GET],produces=[application/json]}" onto public java.lang.Object org.springframework.boot.actuate.endpoint.mvc.EndpointMvcAdapter.invoke()
2020-08-25 14:18:17.241  INFO 7635 --- [ost-startStop-1] o.s.b.a.e.mvc.EndpointHandlerMapping     : Mapped "{[/dump || /dump.json],methods=[GET],produces=[application/json]}" onto public java.lang.Object org.springframework.boot.actuate.endpoint.mvc.EndpointMvcAdapter.invoke()
2020-08-25 14:18:17.242  INFO 7635 --- [ost-startStop-1] o.s.b.a.e.mvc.EndpointHandlerMapping     : Mapped "{[/autoconfig || /autoconfig.json],methods=[GET],produces=[application/json]}" onto public java.lang.Object org.springframework.boot.actuate.endpoint.mvc.EndpointMvcAdapter.invoke()
2020-08-25 14:18:17.255  INFO 7635 --- [ost-startStop-1] o.s.b.a.e.mvc.EndpointHandlerMapping     : Mapped "{[/env/{name:.*}],methods=[GET],produces=[application/json]}" onto public java.lang.Object org.springframework.boot.actuate.endpoint.mvc.EnvironmentMvcEndpoint.value(java.lang.String)
2020-08-25 14:18:17.255  INFO 7635 --- [ost-startStop-1] o.s.b.a.e.mvc.EndpointHandlerMapping     : Mapped "{[/env || /env.json],methods=[GET],produces=[application/json]}" onto public java.lang.Object org.springframework.boot.actuate.endpoint.mvc.EndpointMvcAdapter.invoke()
2020-08-25 14:18:17.256  INFO 7635 --- [ost-startStop-1] o.s.b.a.e.mvc.EndpointHandlerMapping     : Mapped "{[/info || /info.json],methods=[GET],produces=[application/json]}" onto public java.lang.Object org.springframework.boot.actuate.endpoint.mvc.EndpointMvcAdapter.invoke()
